{"level":"info","message":"MongoDB Connected: ac-0fnagow-shard-00-00.zipvypj.mongodb.net","service":"database"}
{"level":"info","message":"MongoDB Connected: ac-0fnagow-shard-00-02.zipvypj.mongodb.net","service":"database"}
{"level":"info","message":"MongoDB Connected: ac-0fnagow-shard-00-01.zipvypj.mongodb.net","service":"database"}
{"level":"info","message":"MongoDB Connected: ac-0fnagow-shard-00-01.zipvypj.mongodb.net","service":"database"}
{"level":"info","message":"MongoDB Connected: ac-0fnagow-shard-00-02.zipvypj.mongodb.net","service":"database"}
{"level":"info","message":"MongoDB Connected: ac-0fnagow-shard-00-01.zipvypj.mongodb.net","service":"database"}
{"level":"info","message":"MongoDB Connected: ac-0fnagow-shard-00-01.zipvypj.mongodb.net","service":"database"}
{"level":"info","message":"MongoDB Connected: ac-0fnagow-shard-00-02.zipvypj.mongodb.net","service":"database"}
{"level":"info","message":"MongoDB Connected: ac-0fnagow-shard-00-02.zipvypj.mongodb.net","service":"database"}
{"level":"info","message":"MongoDB Connected: ac-0fnagow-shard-00-01.zipvypj.mongodb.net","service":"database"}
{"level":"info","message":"MongoDB Connected: ac-0fnagow-shard-00-01.zipvypj.mongodb.net","service":"database"}
{"level":"info","message":"MongoDB Connected: ac-0fnagow-shard-00-02.zipvypj.mongodb.net","service":"database"}
{"level":"error","message":"Error: 807B0000:error:0A000438:SSL routines:ssl3_read_bytes:tlsv1 alert internal error:c:\\ws\\deps\\openssl\\openssl\\ssl\\record\\rec_layer_s3.c:916:SSL alert number 80\n","service":"database"}
{"level":"info","message":"MongoDB Connected: ac-0fnagow-shard-00-01.zipvypj.mongodb.net","service":"database"}
{"level":"info","message":"MongoDB Connected: ac-0fnagow-shard-00-02.zipvypj.mongodb.net","service":"database"}
{"level":"warn","message":"MongoDB disconnected","service":"database"}
{"level":"warn","message":"MongoDB disconnected","service":"database"}
{"level":"error","message":"Error: E46C0000:error:0A000438:SSL routines:ssl3_read_bytes:tlsv1 alert internal error:c:\\ws\\deps\\openssl\\openssl\\ssl\\record\\rec_layer_s3.c:916:SSL alert number 80\n","service":"database"}
{"level":"info","message":"MongoDB Connected: ac-0fnagow-shard-00-00.zipvypj.mongodb.net","service":"database"}
{"level":"warn","message":"MongoDB disconnected","service":"database"}
{"level":"warn","message":"MongoDB disconnected","service":"database"}
{"level":"info","message":"MongoDB Connected: ac-0fnagow-shard-00-02.zipvypj.mongodb.net","service":"database"}
{"level":"warn","message":"MongoDB disconnected","service":"database"}
{"level":"info","message":"MongoDB Connected: ac-0fnagow-shard-00-00.zipvypj.mongodb.net","service":"database"}
{"level":"error","message":"Initial Connection Failed: Could not connect to any servers in your MongoDB Atlas cluster. One common reason is that you're trying to access the database from an IP that isn't whitelisted. Make sure your current IP address is on your Atlas cluster's IP whitelist: https://www.mongodb.com/docs/atlas/security-whitelist/","service":"database"}
{"level":"error","message":"Initial Connection Failed: read ECONNRESET","service":"database"}
{"level":"info","message":"MongoDB Connected: ac-0fnagow-shard-00-00.zipvypj.mongodb.net","service":"database"}
{"level":"info","message":"MongoDB Connected: ac-0fnagow-shard-00-01.zipvypj.mongodb.net","service":"database"}
{"level":"info","message":"MongoDB Connected: ac-0fnagow-shard-00-02.zipvypj.mongodb.net","service":"database"}
{"level":"info","message":"MongoDB Connected: ac-0fnagow-shard-00-00.zipvypj.mongodb.net","service":"database"}
{"level":"info","message":"MongoDB Connected: ac-0fnagow-shard-00-00.zipvypj.mongodb.net","service":"database"}
{"level":"info","message":"MongoDB Connected: ac-0fnagow-shard-00-00.zipvypj.mongodb.net","service":"database"}
{"level":"info","message":"MongoDB Connected: ac-0fnagow-shard-00-02.zipvypj.mongodb.net","service":"database"}
{"level":"info","message":"MongoDB Connected: ac-0fnagow-shard-00-02.zipvypj.mongodb.net","service":"database"}
{"level":"info","message":"MongoDB Connected: ac-0fnagow-shard-00-01.zipvypj.mongodb.net","service":"database"}
{"level":"info","message":"MongoDB Connected: ac-0fnagow-shard-00-00.zipvypj.mongodb.net","service":"database"}
{"level":"info","message":"MongoDB Connected: ac-0fnagow-shard-00-02.zipvypj.mongodb.net","service":"database"}
{"level":"info","message":"MongoDB Connected: ac-0fnagow-shard-00-02.zipvypj.mongodb.net","service":"database"}
{"level":"info","message":"MongoDB Connected: ac-0fnagow-shard-00-02.zipvypj.mongodb.net","service":"database"}
{"level":"info","message":"MongoDB Connected: ac-0fnagow-shard-00-02.zipvypj.mongodb.net","service":"database"}
{"level":"info","message":"MongoDB Connected: ac-0fnagow-shard-00-01.zipvypj.mongodb.net","service":"database"}
{"level":"info","message":"MongoDB Connected: ac-0fnagow-shard-00-02.zipvypj.mongodb.net","service":"database"}
{"level":"info","message":"MongoDB Reconnected!","service":"database"}
{"level":"warn","message":"MongoDB Disconnected. Attempting to reconnect...","service":"database"}
{"level":"info","message":"MongoDB Reconnected!","service":"database"}
{"level":"info","message":"MongoDB Connected: ac-0fnagow-shard-00-02.zipvypj.mongodb.net","service":"database"}
{"level":"info","message":"MongoDB Connected: ac-0fnagow-shard-00-01.zipvypj.mongodb.net","service":"database"}
{"level":"info","message":"MongoDB Connected: ac-0fnagow-shard-00-02.zipvypj.mongodb.net","service":"database"}
{"level":"info","message":"MongoDB Connected: ac-0fnagow-shard-00-00.zipvypj.mongodb.net","service":"database"}
{"level":"info","message":"MongoDB Connected: ac-0fnagow-shard-00-00.zipvypj.mongodb.net","service":"database"}
